# JRE version: OpenJDK Runtime Environment (8.0_76-b03) (build 1.8.0_76-release-b03)
# Java VM: OpenJDK 64-Bit Server VM (25.76-b03 mixed mode linux-amd64 compressed oops)
Heap:
 PSYoungGen      total 349696K, used 22920K [0x00000000e0000000, 0x0000000100000000, 0x0000000100000000)
  eden space 175104K, 0% used [0x00000000e0000000,0x00000000e0000000,0x00000000eab00000)
  from space 174592K, 13% used [0x00000000eab00000,0x00000000ec162200,0x00000000f5580000)
  to   space 174592K, 0% used [0x00000000f5580000,0x00000000f5580000,0x0000000100000000)
 ParOldGen       total 671744K, used 671239K [0x00000000a0000000, 0x00000000c9000000, 0x00000000e0000000)
  object space 671744K, 99% used [0x00000000a0000000,0x00000000c8f81e70,0x00000000c9000000)
 Metaspace       used 124271K, capacity 130782K, committed 131840K, reserved 1165312K
  class space    used 15520K, capacity 16665K, committed 16896K, reserved 1048576K
GC Heap History (10 events):
Event: 2678.590 GC heap after
Heap after GC invocations=77 (full 16):
 PSYoungGen      total 391680K, used 117242K [0x00000000e0000000, 0x0000000100000000, 0x0000000100000000)
  eden space 274432K, 0% used [0x00000000e0000000,0x00000000e0000000,0x00000000f0c00000)
  from space 117248K, 99% used [0x00000000f0c00000,0x00000000f7e7e970,0x00000000f7e80000)
  to   space 132608K, 0% used [0x00000000f7e80000,0x00000000f7e80000,0x0000000100000000)
 ParOldGen       total 647680K, used 541702K [0x00000000a0000000, 0x00000000c7880000, 0x00000000e0000000)
  object space 647680K, 83% used [0x00000000a0000000,0x00000000c1101878,0x00000000c7880000)
 Metaspace       used 117171K, capacity 123764K, committed 123904K, reserved 1157120K
  class space    used 14671K, capacity 15854K, committed 15872K, reserved 1048576K
}
Event: 2772.974 GC heap before
{Heap before GC invocations=78 (full 16):
 PSYoungGen      total 391680K, used 391674K [0x00000000e0000000, 0x0000000100000000, 0x0000000100000000)
  eden space 274432K, 100% used [0x00000000e0000000,0x00000000f0c00000,0x00000000f0c00000)
  from space 117248K, 99% used [0x00000000f0c00000,0x00000000f7e7e970,0x00000000f7e80000)
  to   space 132608K, 0% used [0x00000000f7e80000,0x00000000f7e80000,0x0000000100000000)
 ParOldGen       total 647680K, used 541702K [0x00000000a0000000, 0x00000000c7880000, 0x00000000e0000000)
  object space 647680K, 83% used [0x00000000a0000000,0x00000000c1101878,0x00000000c7880000)
 Metaspace       used 120901K, capacity 127528K, committed 127744K, reserved 1161216K
  class space    used 15140K, capacity 16356K, committed 16384K, reserved 1048576K
Event: 2773.055 GC heap after
Heap after GC invocations=78 (full 16):
 PSYoungGen      total 321024K, used 132582K [0x00000000e0000000, 0x0000000100000000, 0x0000000100000000)
  eden space 188416K, 0% used [0x00000000e0000000,0x00000000e0000000,0x00000000eb800000)
  from space 132608K, 99% used [0x00000000f7e80000,0x00000000ffff9920,0x0000000100000000)
  to   space 167936K, 0% used [0x00000000eb800000,0x00000000eb800000,0x00000000f5c00000)
 ParOldGen       total 647680K, used 547623K [0x00000000a0000000, 0x00000000c7880000, 0x00000000e0000000)
  object space 647680K, 84% used [0x00000000a0000000,0x00000000c16c9e38,0x00000000c7880000)
 Metaspace       used 120901K, capacity 127528K, committed 127744K, reserved 1161216K
  class space    used 15140K, capacity 16356K, committed 16384K, reserved 1048576K
}
Event: 2777.127 GC heap before
{Heap before GC invocations=79 (full 16):
 PSYoungGen      total 321024K, used 320998K [0x00000000e0000000, 0x0000000100000000, 0x0000000100000000)
  eden space 188416K, 100% used [0x00000000e0000000,0x00000000eb800000,0x00000000eb800000)
  from space 132608K, 99% used [0x00000000f7e80000,0x00000000ffff9920,0x0000000100000000)
  to   space 167936K, 0% used [0x00000000eb800000,0x00000000eb800000,0x00000000f5c00000)
 ParOldGen       total 647680K, used 547623K [0x00000000a0000000, 0x00000000c7880000, 0x00000000e0000000)
  object space 647680K, 84% used [0x00000000a0000000,0x00000000c16c9e38,0x00000000c7880000)
 Metaspace       used 121381K, capacity 128150K, committed 128384K, reserved 1161216K
  class space    used 15183K, capacity 16405K, committed 16512K, reserved 1048576K
Event: 2777.186 GC heap after
Heap after GC invocations=79 (full 16):
 PSYoungGen      total 331264K, used 142819K [0x00000000e0000000, 0x0000000100000000, 0x0000000100000000)
  eden space 188416K, 0% used [0x00000000e0000000,0x00000000e0000000,0x00000000eb800000)
  from space 142848K, 99% used [0x00000000eb800000,0x00000000f4378d00,0x00000000f4380000)
  to   space 174592K, 0% used [0x00000000f5580000,0x00000000f5580000,0x0000000100000000)
 ParOldGen       total 647680K, used 547623K [0x00000000a0000000, 0x00000000c7880000, 0x00000000e0000000)
  object space 647680K, 84% used [0x00000000a0000000,0x00000000c16c9e38,0x00000000c7880000)
 Metaspace       used 121381K, capacity 128150K, committed 128384K, reserved 1161216K
  class space    used 15183K, capacity 16405K, committed 16512K, reserved 1048576K
}
Event: 2778.418 GC heap before
{Heap before GC invocations=80 (full 16):
 PSYoungGen      total 331264K, used 330652K [0x00000000e0000000, 0x0000000100000000, 0x0000000100000000)
  eden space 188416K, 99% used [0x00000000e0000000,0x00000000eb76e5c0,0x00000000eb800000)
  from space 142848K, 99% used [0x00000000eb800000,0x00000000f4378d00,0x00000000f4380000)
  to   space 174592K, 0% used [0x00000000f5580000,0x00000000f5580000,0x0000000100000000)
 ParOldGen       total 647680K, used 547623K [0x00000000a0000000, 0x00000000c7880000, 0x00000000e0000000)
  object space 647680K, 84% used [0x00000000a0000000,0x00000000c16c9e38,0x00000000c7880000)
 Metaspace       used 124962K, capacity 131740K, committed 131840K, reserved 1165312K
  class space    used 15629K, capacity 16854K, committed 16896K, reserved 1048576K
Event: 2778.502 GC heap after
Heap after GC invocations=80 (full 16):
 PSYoungGen      total 349696K, used 174579K [0x00000000e0000000, 0x0000000100000000, 0x0000000100000000)
  eden space 175104K, 0% used [0x00000000e0000000,0x00000000e0000000,0x00000000eab00000)
  from space 174592K, 99% used [0x00000000f5580000,0x00000000ffffcd60,0x0000000100000000)
  to   space 174592K, 0% used [0x00000000eab00000,0x00000000eab00000,0x00000000f5580000)
 ParOldGen       total 647680K, used 569605K [0x00000000a0000000, 0x00000000c7880000, 0x00000000e0000000)
  object space 647680K, 87% used [0x00000000a0000000,0x00000000c2c417e8,0x00000000c7880000)
 Metaspace       used 124962K, capacity 131740K, committed 131840K, reserved 1165312K
  class space    used 15629K, capacity 16854K, committed 16896K, reserved 1048576K
}
Event: 2778.528 GC heap before
{Heap before GC invocations=81 (full 16):
 PSYoungGen      total 349696K, used 349225K [0x00000000e0000000, 0x0000000100000000, 0x0000000100000000)
  eden space 175104K, 99% used [0x00000000e0000000,0x00000000eaa8d9c0,0x00000000eab00000)
  from space 174592K, 99% used [0x00000000f5580000,0x00000000ffffcd60,0x0000000100000000)
  to   space 174592K, 0% used [0x00000000eab00000,0x00000000eab00000,0x00000000f5580000)
 ParOldGen       total 647680K, used 569605K [0x00000000a0000000, 0x00000000c7880000, 0x00000000e0000000)
  object space 647680K, 87% used [0x00000000a0000000,0x00000000c2c417e8,0x00000000c7880000)
 Metaspace       used 124962K, capacity 131740K, committed 131840K, reserved 1165312K
  class space    used 15629K, capacity 16854K, committed 16896K, reserved 1048576K
Event: 2779.017 GC heap after
Heap after GC invocations=81 (full 16):
 PSYoungGen      total 349696K, used 69819K [0x00000000e0000000, 0x0000000100000000, 0x0000000100000000)
  eden space 175104K, 0% used [0x00000000e0000000,0x00000000e0000000,0x00000000eab00000)
  from space 174592K, 39% used [0x00000000eab00000,0x00000000eef2ec88,0x00000000f5580000)
  to   space 174592K, 0% used [0x00000000f5580000,0x00000000f5580000,0x0000000100000000)
 ParOldGen       total 671744K, used 671198K [0x00000000a0000000, 0x00000000c9000000, 0x00000000e0000000)
  object space 671744K, 99% used [0x00000000a0000000,0x00000000c8f77910,0x00000000c9000000)
 Metaspace       used 124962K, capacity 131740K, committed 131840K, reserved 1165312K
  class space    used 15629K, capacity 16854K, committed 16896K, reserved 1048576K
}
Event: 2779.092 GC heap before
{Heap before GC invocations=82 (full 17):
 PSYoungGen      total 349696K, used 69819K [0x00000000e0000000, 0x0000000100000000, 0x0000000100000000)
  eden space 175104K, 0% used [0x00000000e0000000,0x00000000e0000000,0x00000000eab00000)
  from space 174592K, 39% used [0x00000000eab00000,0x00000000eef2ec88,0x00000000f5580000)
  to   space 174592K, 0% used [0x00000000f5580000,0x00000000f5580000,0x0000000100000000)
 ParOldGen       total 671744K, used 671198K [0x00000000a0000000, 0x00000000c9000000, 0x00000000e0000000)
  object space 671744K, 99% used [0x00000000a0000000,0x00000000c8f77910,0x00000000c9000000)
 Metaspace       used 124962K, capacity 131740K, committed 131840K, reserved 1165312K
  class space    used 15629K, capacity 16854K, committed 16896K, reserved 1048576K

