# JRE version: OpenJDK Runtime Environment (8.0_152-b01) (build 1.8.0_152-release-915-b01)
# Java VM: OpenJDK 64-Bit Server VM (25.152-b01 mixed mode linux-amd64 compressed oops)
Heap:
 PSYoungGen      total 225280K, used 0K [0x00000000e0000000, 0x00000000f1e80000, 0x0000000100000000)
  eden space 186880K, 0% used [0x00000000e0000000,0x00000000e0000000,0x00000000eb680000)
  from space 38400K, 0% used [0x00000000ebe00000,0x00000000ebe00000,0x00000000ee380000)
  to   space 53248K, 0% used [0x00000000eea80000,0x00000000eea80000,0x00000000f1e80000)
 ParOldGen       total 100864K, used 97425K [0x00000000a0000000, 0x00000000a6280000, 0x00000000e0000000)
  object space 100864K, 96% used [0x00000000a0000000,0x00000000a5f24760,0x00000000a6280000)
 Metaspace       used 86472K, capacity 91238K, committed 92248K, reserved 1128448K
  class space    used 10984K, capacity 12110K, committed 12416K, reserved 1048576K
GC Heap History (10 events):
Event: 1689.883 GC heap after
Heap after GC invocations=26 (full 3):
 PSYoungGen      total 242688K, used 22618K [0x00000000e0000000, 0x00000000f1480000, 0x0000000100000000)
  eden space 219648K, 0% used [0x00000000e0000000,0x00000000e0000000,0x00000000ed680000)
  from space 23040K, 98% used [0x00000000edf80000,0x00000000ef596aa0,0x00000000ef600000)
  to   space 31232K, 0% used [0x00000000ef600000,0x00000000ef600000,0x00000000f1480000)
 ParOldGen       total 97792K, used 75164K [0x00000000a0000000, 0x00000000a5f80000, 0x00000000e0000000)
  object space 97792K, 76% used [0x00000000a0000000,0x00000000a4967130,0x00000000a5f80000)
 Metaspace       used 78404K, capacity 82970K, committed 83160K, reserved 1122304K
  class space    used 10016K, capacity 11176K, committed 11264K, reserved 1048576K
}
Event: 1703.095 GC heap before
{Heap before GC invocations=27 (full 3):
 PSYoungGen      total 242688K, used 242266K [0x00000000e0000000, 0x00000000f1480000, 0x0000000100000000)
  eden space 219648K, 100% used [0x00000000e0000000,0x00000000ed680000,0x00000000ed680000)
  from space 23040K, 98% used [0x00000000edf80000,0x00000000ef596aa0,0x00000000ef600000)
  to   space 31232K, 0% used [0x00000000ef600000,0x00000000ef600000,0x00000000f1480000)
 ParOldGen       total 97792K, used 75164K [0x00000000a0000000, 0x00000000a5f80000, 0x00000000e0000000)
  object space 97792K, 76% used [0x00000000a0000000,0x00000000a4967130,0x00000000a5f80000)
 Metaspace       used 79220K, capacity 83866K, committed 84056K, reserved 1122304K
  class space    used 10129K, capacity 11288K, committed 11392K, reserved 1048576K
Event: 1703.113 GC heap after
Heap after GC invocations=27 (full 3):
 PSYoungGen      total 232448K, used 15658K [0x00000000e0000000, 0x00000000f0b00000, 0x0000000100000000)
  eden space 210944K, 0% used [0x00000000e0000000,0x00000000e0000000,0x00000000ece00000)
  from space 21504K, 72% used [0x00000000ef600000,0x00000000f054a970,0x00000000f0b00000)
  to   space 31232K, 0% used [0x00000000ece00000,0x00000000ece00000,0x00000000eec80000)
 ParOldGen       total 97792K, used 75172K [0x00000000a0000000, 0x00000000a5f80000, 0x00000000e0000000)
  object space 97792K, 76% used [0x00000000a0000000,0x00000000a4969130,0x00000000a5f80000)
 Metaspace       used 79220K, capacity 83866K, committed 84056K, reserved 1122304K
  class space    used 10129K, capacity 11288K, committed 11392K, reserved 1048576K
}
Event: 1710.845 GC heap before
{Heap before GC invocations=28 (full 3):
 PSYoungGen      total 232448K, used 226602K [0x00000000e0000000, 0x00000000f0b00000, 0x0000000100000000)
  eden space 210944K, 100% used [0x00000000e0000000,0x00000000ece00000,0x00000000ece00000)
  from space 21504K, 72% used [0x00000000ef600000,0x00000000f054a970,0x00000000f0b00000)
  to   space 31232K, 0% used [0x00000000ece00000,0x00000000ece00000,0x00000000eec80000)
 ParOldGen       total 97792K, used 75172K [0x00000000a0000000, 0x00000000a5f80000, 0x00000000e0000000)
  object space 97792K, 76% used [0x00000000a0000000,0x00000000a4969130,0x00000000a5f80000)
 Metaspace       used 79388K, capacity 84106K, committed 84312K, reserved 1122304K
  class space    used 10134K, capacity 11296K, committed 11392K, reserved 1048576K
Event: 1710.869 GC heap after
Heap after GC invocations=28 (full 3):
 PSYoungGen      total 226304K, used 23172K [0x00000000e0000000, 0x00000000f0600000, 0x0000000100000000)
  eden space 202752K, 0% used [0x00000000e0000000,0x00000000e0000000,0x00000000ec600000)
  from space 23552K, 98% used [0x00000000ece00000,0x00000000ee4a13a0,0x00000000ee500000)
  to   space 32768K, 0% used [0x00000000ee600000,0x00000000ee600000,0x00000000f0600000)
 ParOldGen       total 97792K, used 75180K [0x00000000a0000000, 0x00000000a5f80000, 0x00000000e0000000)
  object space 97792K, 76% used [0x00000000a0000000,0x00000000a496b130,0x00000000a5f80000)
 Metaspace       used 79388K, capacity 84106K, committed 84312K, reserved 1122304K
  class space    used 10134K, capacity 11296K, committed 11392K, reserved 1048576K
}
Event: 2300.688 GC heap before
{Heap before GC invocations=29 (full 3):
 PSYoungGen      total 226304K, used 225924K [0x00000000e0000000, 0x00000000f0600000, 0x0000000100000000)
  eden space 202752K, 100% used [0x00000000e0000000,0x00000000ec600000,0x00000000ec600000)
  from space 23552K, 98% used [0x00000000ece00000,0x00000000ee4a13a0,0x00000000ee500000)
  to   space 32768K, 0% used [0x00000000ee600000,0x00000000ee600000,0x00000000f0600000)
 ParOldGen       total 97792K, used 75180K [0x00000000a0000000, 0x00000000a5f80000, 0x00000000e0000000)
  object space 97792K, 76% used [0x00000000a0000000,0x00000000a496b130,0x00000000a5f80000)
 Metaspace       used 79632K, capacity 84506K, committed 84568K, reserved 1122304K
  class space    used 10174K, capacity 11392K, committed 11392K, reserved 1048576K
Event: 2300.706 GC heap after
Heap after GC invocations=29 (full 3):
 PSYoungGen      total 227328K, used 32744K [0x00000000e0000000, 0x00000000f0900000, 0x0000000100000000)
  eden space 194560K, 0% used [0x00000000e0000000,0x00000000e0000000,0x00000000ebe00000)
  from space 32768K, 99% used [0x00000000ee600000,0x00000000f05fa008,0x00000000f0600000)
  to   space 38400K, 0% used [0x00000000ebe00000,0x00000000ebe00000,0x00000000ee380000)
 ParOldGen       total 97792K, used 76302K [0x00000000a0000000, 0x00000000a5f80000, 0x00000000e0000000)
  object space 97792K, 78% used [0x00000000a0000000,0x00000000a4a83998,0x00000000a5f80000)
 Metaspace       used 79632K, capacity 84506K, committed 84568K, reserved 1122304K
  class space    used 10174K, capacity 11392K, committed 11392K, reserved 1048576K
}
Event: 2316.817 GC heap before
{Heap before GC invocations=30 (full 3):
 PSYoungGen      total 227328K, used 227304K [0x00000000e0000000, 0x00000000f0900000, 0x0000000100000000)
  eden space 194560K, 100% used [0x00000000e0000000,0x00000000ebe00000,0x00000000ebe00000)
  from space 32768K, 99% used [0x00000000ee600000,0x00000000f05fa008,0x00000000f0600000)
  to   space 38400K, 0% used [0x00000000ebe00000,0x00000000ebe00000,0x00000000ee380000)
 ParOldGen       total 97792K, used 76302K [0x00000000a0000000, 0x00000000a5f80000, 0x00000000e0000000)
  object space 97792K, 78% used [0x00000000a0000000,0x00000000a4a83998,0x00000000a5f80000)
 Metaspace       used 86851K, capacity 91972K, committed 92248K, reserved 1128448K
  class space    used 11060K, capacity 12289K, committed 12416K, reserved 1048576K
Event: 2316.860 GC heap after
Heap after GC invocations=30 (full 3):
 PSYoungGen      total 225280K, used 38398K [0x00000000e0000000, 0x00000000f1e80000, 0x0000000100000000)
  eden space 186880K, 0% used [0x00000000e0000000,0x00000000e0000000,0x00000000eb680000)
  from space 38400K, 99% used [0x00000000ebe00000,0x00000000ee37fbf0,0x00000000ee380000)
  to   space 53248K, 0% used [0x00000000eea80000,0x00000000eea80000,0x00000000f1e80000)
 ParOldGen       total 100864K, used 100488K [0x00000000a0000000, 0x00000000a6280000, 0x00000000e0000000)
  object space 100864K, 99% used [0x00000000a0000000,0x00000000a6222238,0x00000000a6280000)
 Metaspace       used 86851K, capacity 91972K, committed 92248K, reserved 1128448K
  class space    used 11060K, capacity 12289K, committed 12416K, reserved 1048576K
}
Event: 2316.860 GC heap before
{Heap before GC invocations=31 (full 4):
 PSYoungGen      total 225280K, used 38398K [0x00000000e0000000, 0x00000000f1e80000, 0x0000000100000000)
  eden space 186880K, 0% used [0x00000000e0000000,0x00000000e0000000,0x00000000eb680000)
  from space 38400K, 99% used [0x00000000ebe00000,0x00000000ee37fbf0,0x00000000ee380000)
  to   space 53248K, 0% used [0x00000000eea80000,0x00000000eea80000,0x00000000f1e80000)
 ParOldGen       total 100864K, used 100488K [0x00000000a0000000, 0x00000000a6280000, 0x00000000e0000000)
  object space 100864K, 99% used [0x00000000a0000000,0x00000000a6222238,0x00000000a6280000)
 Metaspace       used 86851K, capacity 91972K, committed 92248K, reserved 1128448K
  class space    used 11060K, capacity 12289K, committed 12416K, reserved 1048576K

