# JRE version: OpenJDK Runtime Environment (8.0_152-b01) (build 1.8.0_152-release-915-b01)
# Java VM: OpenJDK 64-Bit Server VM (25.152-b01 mixed mode linux-amd64 compressed oops)
Heap:
 PSYoungGen      total 295936K, used 40652K [0x00000000e0000000, 0x00000000f6680000, 0x0000000100000000)
  eden space 227328K, 0% used [0x00000000e0000000,0x00000000e0000000,0x00000000ede00000)
  from space 68608K, 59% used [0x00000000ede00000,0x00000000f05b30a8,0x00000000f2100000)
  to   space 68096K, 0% used [0x00000000f2100000,0x00000000f2100000,0x00000000f6380000)
 ParOldGen       total 163840K, used 145809K [0x00000000a0000000, 0x00000000aa000000, 0x00000000e0000000)
  object space 163840K, 88% used [0x00000000a0000000,0x00000000a8e64418,0x00000000aa000000)
 Metaspace       used 70564K, capacity 72354K, committed 72448K, reserved 1112064K
  class space    used 8797K, capacity 9197K, committed 9216K, reserved 1048576K
GC Heap History (10 events):
Event: 52.174 GC heap after
Heap after GC invocations=33 (full 5):
 PSYoungGen      total 190976K, used 4021K [0x00000000e0000000, 0x00000000f1080000, 0x0000000100000000)
  eden space 171520K, 0% used [0x00000000e0000000,0x00000000e0000000,0x00000000ea780000)
  from space 19456K, 20% used [0x00000000ed080000,0x00000000ed46d6e0,0x00000000ee380000)
  to   space 41984K, 0% used [0x00000000ea780000,0x00000000ea780000,0x00000000ed080000)
 ParOldGen       total 163840K, used 99306K [0x00000000a0000000, 0x00000000aa000000, 0x00000000e0000000)
  object space 163840K, 60% used [0x00000000a0000000,0x00000000a60fa9f8,0x00000000aa000000)
 Metaspace       used 66120K, capacity 67826K, committed 67968K, reserved 1107968K
  class space    used 8416K, capacity 8809K, committed 8832K, reserved 1048576K
}
Event: 55.895 GC heap before
{Heap before GC invocations=34 (full 5):
 PSYoungGen      total 190976K, used 175541K [0x00000000e0000000, 0x00000000f1080000, 0x0000000100000000)
  eden space 171520K, 100% used [0x00000000e0000000,0x00000000ea780000,0x00000000ea780000)
  from space 19456K, 20% used [0x00000000ed080000,0x00000000ed46d6e0,0x00000000ee380000)
  to   space 41984K, 0% used [0x00000000ea780000,0x00000000ea780000,0x00000000ed080000)
 ParOldGen       total 163840K, used 99306K [0x00000000a0000000, 0x00000000aa000000, 0x00000000e0000000)
  object space 163840K, 60% used [0x00000000a0000000,0x00000000a60fa9f8,0x00000000aa000000)
 Metaspace       used 69675K, capacity 71490K, committed 71680K, reserved 1112064K
  class space    used 8770K, capacity 9165K, committed 9216K, reserved 1048576K
Event: 55.927 GC heap after
Heap after GC invocations=34 (full 5):
 PSYoungGen      total 213504K, used 34313K [0x00000000e0000000, 0x00000000f1780000, 0x0000000100000000)
  eden space 171520K, 0% used [0x00000000e0000000,0x00000000e0000000,0x00000000ea780000)
  from space 41984K, 81% used [0x00000000ea780000,0x00000000ec902540,0x00000000ed080000)
  to   space 46080K, 0% used [0x00000000eea80000,0x00000000eea80000,0x00000000f1780000)
 ParOldGen       total 163840K, used 99314K [0x00000000a0000000, 0x00000000aa000000, 0x00000000e0000000)
  object space 163840K, 60% used [0x00000000a0000000,0x00000000a60fc9f8,0x00000000aa000000)
 Metaspace       used 69675K, capacity 71490K, committed 71680K, reserved 1112064K
  class space    used 8770K, capacity 9165K, committed 9216K, reserved 1048576K
}
Event: 56.433 GC heap before
{Heap before GC invocations=35 (full 5):
 PSYoungGen      total 213504K, used 205833K [0x00000000e0000000, 0x00000000f1780000, 0x0000000100000000)
  eden space 171520K, 100% used [0x00000000e0000000,0x00000000ea780000,0x00000000ea780000)
  from space 41984K, 81% used [0x00000000ea780000,0x00000000ec902540,0x00000000ed080000)
  to   space 46080K, 0% used [0x00000000eea80000,0x00000000eea80000,0x00000000f1780000)
 ParOldGen       total 163840K, used 99314K [0x00000000a0000000, 0x00000000aa000000, 0x00000000e0000000)
  object space 163840K, 60% used [0x00000000a0000000,0x00000000a60fc9f8,0x00000000aa000000)
 Metaspace       used 70026K, capacity 71842K, committed 71936K, reserved 1112064K
  class space    used 8795K, capacity 9197K, committed 9216K, reserved 1048576K
Event: 56.469 GC heap after
Heap after GC invocations=35 (full 5):
 PSYoungGen      total 230400K, used 46078K [0x00000000e0000000, 0x00000000f3600000, 0x0000000100000000)
  eden space 184320K, 0% used [0x00000000e0000000,0x00000000e0000000,0x00000000eb400000)
  from space 46080K, 99% used [0x00000000eea80000,0x00000000f177fb68,0x00000000f1780000)
  to   space 55808K, 0% used [0x00000000eb400000,0x00000000eb400000,0x00000000eea80000)
 ParOldGen       total 163840K, used 103515K [0x00000000a0000000, 0x00000000aa000000, 0x00000000e0000000)
  object space 163840K, 63% used [0x00000000a0000000,0x00000000a6516eb8,0x00000000aa000000)
 Metaspace       used 70026K, capacity 71842K, committed 71936K, reserved 1112064K
  class space    used 8795K, capacity 9197K, committed 9216K, reserved 1048576K
}
Event: 56.901 GC heap before
{Heap before GC invocations=36 (full 5):
 PSYoungGen      total 230400K, used 230398K [0x00000000e0000000, 0x00000000f3600000, 0x0000000100000000)
  eden space 184320K, 100% used [0x00000000e0000000,0x00000000eb400000,0x00000000eb400000)
  from space 46080K, 99% used [0x00000000eea80000,0x00000000f177fb68,0x00000000f1780000)
  to   space 55808K, 0% used [0x00000000eb400000,0x00000000eb400000,0x00000000eea80000)
 ParOldGen       total 163840K, used 103515K [0x00000000a0000000, 0x00000000aa000000, 0x00000000e0000000)
  object space 163840K, 63% used [0x00000000a0000000,0x00000000a6516eb8,0x00000000aa000000)
 Metaspace       used 70119K, capacity 71906K, committed 71936K, reserved 1112064K
  class space    used 8796K, capacity 9197K, committed 9216K, reserved 1048576K
Event: 56.952 GC heap after
Heap after GC invocations=36 (full 5):
 PSYoungGen      total 240128K, used 55802K [0x00000000e0000000, 0x00000000f6380000, 0x0000000100000000)
  eden space 184320K, 0% used [0x00000000e0000000,0x00000000e0000000,0x00000000eb400000)
  from space 55808K, 99% used [0x00000000eb400000,0x00000000eea7e858,0x00000000eea80000)
  to   space 68096K, 0% used [0x00000000f2100000,0x00000000f2100000,0x00000000f6380000)
 ParOldGen       total 163840K, used 111138K [0x00000000a0000000, 0x00000000aa000000, 0x00000000e0000000)
  object space 163840K, 67% used [0x00000000a0000000,0x00000000a6c88b98,0x00000000aa000000)
 Metaspace       used 70119K, capacity 71906K, committed 71936K, reserved 1112064K
  class space    used 8796K, capacity 9197K, committed 9216K, reserved 1048576K
}
Event: 57.597 GC heap before
{Heap before GC invocations=37 (full 5):
 PSYoungGen      total 240128K, used 240122K [0x00000000e0000000, 0x00000000f6380000, 0x0000000100000000)
  eden space 184320K, 100% used [0x00000000e0000000,0x00000000eb400000,0x00000000eb400000)
  from space 55808K, 99% used [0x00000000eb400000,0x00000000eea7e858,0x00000000eea80000)
  to   space 68096K, 0% used [0x00000000f2100000,0x00000000f2100000,0x00000000f6380000)
 ParOldGen       total 163840K, used 111138K [0x00000000a0000000, 0x00000000aa000000, 0x00000000e0000000)
  object space 163840K, 67% used [0x00000000a0000000,0x00000000a6c88b98,0x00000000aa000000)
 Metaspace       used 70400K, capacity 72162K, committed 72192K, reserved 1112064K
  class space    used 8797K, capacity 9197K, committed 9216K, reserved 1048576K
Event: 60.016 GC heap after
Heap after GC invocations=37 (full 5):
 PSYoungGen      total 295424K, used 38125K [0x00000000e0000000, 0x00000000f6680000, 0x0000000100000000)
  eden space 227328K, 0% used [0x00000000e0000000,0x00000000e0000000,0x00000000ede00000)
  from space 68096K, 55% used [0x00000000f2100000,0x00000000f463b710,0x00000000f6380000)
  to   space 68608K, 0% used [0x00000000ede00000,0x00000000ede00000,0x00000000f2100000)
 ParOldGen       total 163840K, used 131197K [0x00000000a0000000, 0x00000000aa000000, 0x00000000e0000000)
  object space 163840K, 80% used [0x00000000a0000000,0x00000000a801f770,0x00000000aa000000)
 Metaspace       used 70400K, capacity 72162K, committed 72192K, reserved 1112064K
  class space    used 8797K, capacity 9197K, committed 9216K, reserved 1048576K
}
Event: 61.009 GC heap before
{Heap before GC invocations=38 (full 5):
 PSYoungGen      total 295424K, used 265453K [0x00000000e0000000, 0x00000000f6680000, 0x0000000100000000)
  eden space 227328K, 100% used [0x00000000e0000000,0x00000000ede00000,0x00000000ede00000)
  from space 68096K, 55% used [0x00000000f2100000,0x00000000f463b710,0x00000000f6380000)
  to   space 68608K, 0% used [0x00000000ede00000,0x00000000ede00000,0x00000000f2100000)
 ParOldGen       total 163840K, used 131197K [0x00000000a0000000, 0x00000000aa000000, 0x00000000e0000000)
  object space 163840K, 80% used [0x00000000a0000000,0x00000000a801f770,0x00000000aa000000)
 Metaspace       used 70564K, capacity 72354K, committed 72448K, reserved 1112064K
  class space    used 8797K, capacity 9197K, committed 9216K, reserved 1048576K

