# JRE version: OpenJDK Runtime Environment (8.0_152-b01) (build 1.8.0_152-release-915-b01)
# Java VM: OpenJDK 64-Bit Server VM (25.152-b01 mixed mode linux-amd64 compressed oops)
Heap:
 PSYoungGen      total 273408K, used 0K [0x00000000e0000000, 0x00000000f3500000, 0x0000000100000000)
  eden space 233472K, 0% used [0x00000000e0000000,0x00000000e0000000,0x00000000ee400000)
  from space 39936K, 0% used [0x00000000f0c80000,0x00000000f0c80000,0x00000000f3380000)
  to   space 41472K, 0% used [0x00000000ee400000,0x00000000ee400000,0x00000000f0c80000)
 ParOldGen       total 251904K, used 199288K [0x00000000a0000000, 0x00000000af600000, 0x00000000e0000000)
  object space 251904K, 79% used [0x00000000a0000000,0x00000000ac29e010,0x00000000af600000)
 Metaspace       used 70433K, capacity 72132K, committed 72192K, reserved 1112064K
  class space    used 8795K, capacity 9184K, committed 9216K, reserved 1048576K
GC Heap History (10 events):
Event: 195.486 GC heap after
Heap after GC invocations=44 (full 6):
 PSYoungGen      total 199680K, used 15987K [0x00000000e0000000, 0x00000000ef900000, 0x0000000100000000)
  eden space 177152K, 0% used [0x00000000e0000000,0x00000000e0000000,0x00000000ead00000)
  from space 22528K, 70% used [0x00000000ee300000,0x00000000ef29ce40,0x00000000ef900000)
  to   space 38912K, 0% used [0x00000000ead00000,0x00000000ead00000,0x00000000ed300000)
 ParOldGen       total 251904K, used 162048K [0x00000000a0000000, 0x00000000af600000, 0x00000000e0000000)
  object space 251904K, 64% used [0x00000000a0000000,0x00000000a9e40348,0x00000000af600000)
 Metaspace       used 70254K, capacity 72004K, committed 72192K, reserved 1112064K
  class space    used 8795K, capacity 9184K, committed 9216K, reserved 1048576K
}
Event: 195.869 GC heap before
{Heap before GC invocations=45 (full 6):
 PSYoungGen      total 199680K, used 193139K [0x00000000e0000000, 0x00000000ef900000, 0x0000000100000000)
  eden space 177152K, 100% used [0x00000000e0000000,0x00000000ead00000,0x00000000ead00000)
  from space 22528K, 70% used [0x00000000ee300000,0x00000000ef29ce40,0x00000000ef900000)
  to   space 38912K, 0% used [0x00000000ead00000,0x00000000ead00000,0x00000000ed300000)
 ParOldGen       total 251904K, used 162048K [0x00000000a0000000, 0x00000000af600000, 0x00000000e0000000)
  object space 251904K, 64% used [0x00000000a0000000,0x00000000a9e40348,0x00000000af600000)
 Metaspace       used 70297K, capacity 72068K, committed 72192K, reserved 1112064K
  class space    used 8795K, capacity 9184K, committed 9216K, reserved 1048576K
Event: 195.918 GC heap after
Heap after GC invocations=45 (full 6):
 PSYoungGen      total 216064K, used 20012K [0x00000000e0000000, 0x00000000f1000000, 0x0000000100000000)
  eden space 177152K, 0% used [0x00000000e0000000,0x00000000e0000000,0x00000000ead00000)
  from space 38912K, 51% used [0x00000000ead00000,0x00000000ec08b100,0x00000000ed300000)
  to   space 37888K, 0% used [0x00000000eeb00000,0x00000000eeb00000,0x00000000f1000000)
 ParOldGen       total 251904K, used 174362K [0x00000000a0000000, 0x00000000af600000, 0x00000000e0000000)
  object space 251904K, 69% used [0x00000000a0000000,0x00000000aaa46b98,0x00000000af600000)
 Metaspace       used 70297K, capacity 72068K, committed 72192K, reserved 1112064K
  class space    used 8795K, capacity 9184K, committed 9216K, reserved 1048576K
}
Event: 196.154 GC heap before
{Heap before GC invocations=46 (full 6):
 PSYoungGen      total 216064K, used 197164K [0x00000000e0000000, 0x00000000f1000000, 0x0000000100000000)
  eden space 177152K, 100% used [0x00000000e0000000,0x00000000ead00000,0x00000000ead00000)
  from space 38912K, 51% used [0x00000000ead00000,0x00000000ec08b100,0x00000000ed300000)
  to   space 37888K, 0% used [0x00000000eeb00000,0x00000000eeb00000,0x00000000f1000000)
 ParOldGen       total 251904K, used 174362K [0x00000000a0000000, 0x00000000af600000, 0x00000000e0000000)
  object space 251904K, 69% used [0x00000000a0000000,0x00000000aaa46b98,0x00000000af600000)
 Metaspace       used 70358K, capacity 72132K, committed 72192K, reserved 1112064K
  class space    used 8795K, capacity 9184K, committed 9216K, reserved 1048576K
Event: 196.191 GC heap after
Heap after GC invocations=46 (full 6):
 PSYoungGen      total 240128K, used 24628K [0x00000000e0000000, 0x00000000f1380000, 0x0000000100000000)
  eden space 202240K, 0% used [0x00000000e0000000,0x00000000e0000000,0x00000000ec580000)
  from space 37888K, 65% used [0x00000000eeb00000,0x00000000f030d0c0,0x00000000f1000000)
  to   space 38400K, 0% used [0x00000000ec580000,0x00000000ec580000,0x00000000eeb00000)
 ParOldGen       total 251904K, used 192416K [0x00000000a0000000, 0x00000000af600000, 0x00000000e0000000)
  object space 251904K, 76% used [0x00000000a0000000,0x00000000abbe8300,0x00000000af600000)
 Metaspace       used 70358K, capacity 72132K, committed 72192K, reserved 1112064K
  class space    used 8795K, capacity 9184K, committed 9216K, reserved 1048576K
}
Event: 196.457 GC heap before
{Heap before GC invocations=47 (full 6):
 PSYoungGen      total 240128K, used 226868K [0x00000000e0000000, 0x00000000f1380000, 0x0000000100000000)
  eden space 202240K, 100% used [0x00000000e0000000,0x00000000ec580000,0x00000000ec580000)
  from space 37888K, 65% used [0x00000000eeb00000,0x00000000f030d0c0,0x00000000f1000000)
  to   space 38400K, 0% used [0x00000000ec580000,0x00000000ec580000,0x00000000eeb00000)
 ParOldGen       total 251904K, used 192416K [0x00000000a0000000, 0x00000000af600000, 0x00000000e0000000)
  object space 251904K, 76% used [0x00000000a0000000,0x00000000abbe8300,0x00000000af600000)
 Metaspace       used 70418K, capacity 72132K, committed 72192K, reserved 1112064K
  class space    used 8795K, capacity 9184K, committed 9216K, reserved 1048576K
Event: 196.489 GC heap after
Heap after GC invocations=47 (full 6):
 PSYoungGen      total 240640K, used 27324K [0x00000000e0000000, 0x00000000f3380000, 0x0000000100000000)
  eden space 202240K, 0% used [0x00000000e0000000,0x00000000e0000000,0x00000000ec580000)
  from space 38400K, 71% used [0x00000000ec580000,0x00000000ee02f310,0x00000000eeb00000)
  to   space 39936K, 0% used [0x00000000f0c80000,0x00000000f0c80000,0x00000000f3380000)
 ParOldGen       total 251904K, used 211583K [0x00000000a0000000, 0x00000000af600000, 0x00000000e0000000)
  object space 251904K, 83% used [0x00000000a0000000,0x00000000ace9ffd0,0x00000000af600000)
 Metaspace       used 70418K, capacity 72132K, committed 72192K, reserved 1112064K
  class space    used 8795K, capacity 9184K, committed 9216K, reserved 1048576K
}
Event: 196.735 GC heap before
{Heap before GC invocations=48 (full 6):
 PSYoungGen      total 240640K, used 229564K [0x00000000e0000000, 0x00000000f3380000, 0x0000000100000000)
  eden space 202240K, 100% used [0x00000000e0000000,0x00000000ec580000,0x00000000ec580000)
  from space 38400K, 71% used [0x00000000ec580000,0x00000000ee02f310,0x00000000eeb00000)
  to   space 39936K, 0% used [0x00000000f0c80000,0x00000000f0c80000,0x00000000f3380000)
 ParOldGen       total 251904K, used 211583K [0x00000000a0000000, 0x00000000af600000, 0x00000000e0000000)
  object space 251904K, 83% used [0x00000000a0000000,0x00000000ace9ffd0,0x00000000af600000)
 Metaspace       used 70433K, capacity 72132K, committed 72192K, reserved 1112064K
  class space    used 8795K, capacity 9184K, committed 9216K, reserved 1048576K
Event: 196.784 GC heap after
Heap after GC invocations=48 (full 6):
 PSYoungGen      total 273408K, used 28452K [0x00000000e0000000, 0x00000000f3500000, 0x0000000100000000)
  eden space 233472K, 0% used [0x00000000e0000000,0x00000000e0000000,0x00000000ee400000)
  from space 39936K, 71% used [0x00000000f0c80000,0x00000000f2849050,0x00000000f3380000)
  to   space 41472K, 0% used [0x00000000ee400000,0x00000000ee400000,0x00000000f0c80000)
 ParOldGen       total 251904K, used 236176K [0x00000000a0000000, 0x00000000af600000, 0x00000000e0000000)
  object space 251904K, 93% used [0x00000000a0000000,0x00000000ae6a4268,0x00000000af600000)
 Metaspace       used 70433K, capacity 72132K, committed 72192K, reserved 1112064K
  class space    used 8795K, capacity 9184K, committed 9216K, reserved 1048576K
}
Event: 196.784 GC heap before
{Heap before GC invocations=49 (full 7):
 PSYoungGen      total 273408K, used 28452K [0x00000000e0000000, 0x00000000f3500000, 0x0000000100000000)
  eden space 233472K, 0% used [0x00000000e0000000,0x00000000e0000000,0x00000000ee400000)
  from space 39936K, 71% used [0x00000000f0c80000,0x00000000f2849050,0x00000000f3380000)
  to   space 41472K, 0% used [0x00000000ee400000,0x00000000ee400000,0x00000000f0c80000)
 ParOldGen       total 251904K, used 236176K [0x00000000a0000000, 0x00000000af600000, 0x00000000e0000000)
  object space 251904K, 93% used [0x00000000a0000000,0x00000000ae6a4268,0x00000000af600000)
 Metaspace       used 70433K, capacity 72132K, committed 72192K, reserved 1112064K
  class space    used 8795K, capacity 9184K, committed 9216K, reserved 1048576K

